This is e-pTeX, Version 3.141592653-p3.9.1-210218-2.6 (utf8.euc) (TeX Live 2022/dev/Debian) (preloaded format=platex 2023.5.31)  1 MAR 2024 09:31
entering extended mode
 restricted \write18 enabled.
 %&-line parsing enabled.
**/home/gp.sc.cc.tohoku.ac.jp/tanizawa/LaTeX/graduation_thesis/sotsuron
(/home/gp.sc.cc.tohoku.ac.jp/tanizawa/LaTeX/graduation_thesis/sotsuron.tex
pLaTeX2e <2021-11-15> (based on LaTeX2e <2021-11-15> patch level 1)
L3 programming layer <2022-01-21> (/usr/share/texlive/texmf-dist/tex/platex/jsclasses/jsarticle.cls
Document Class: jsarticle 2021/06/28 jsclasses (okumura, texjporg)
\jsc@mpt=\dimen154
\jsc@mmm=\dimen155
\jsc@smallskipamount=\skip47
LaTeX Info: Redefining \textmc on input line 497.
LaTeX Info: Redefining \textgt on input line 499.
\symmincho=\mathgroup4
LaTeX Font Info:    Overwriting symbol font `mincho' in version `bold'
(Font)                  JY1/mc/m/n --> JY1/gt/m/n on input line 561.
LaTeX Font Info:    Font shape `JT1/mc/m/n' will be
(Font)              scaled to size 9.60999pt on input line 755.
LaTeX Font Info:    Font shape `JY1/mc/m/n' will be
(Font)              scaled to size 9.60999pt on input line 755.
\fullwidth=\dimen156
LaTeX Font Info:    Font shape `JT1/mc/m/n' will be
(Font)              scaled to size 7.68799pt on input line 908.
LaTeX Font Info:    Font shape `JY1/mc/m/n' will be
(Font)              scaled to size 7.68799pt on input line 908.
\c@part=\count184
\c@section=\count185
\c@subsection=\count186
\c@subsubsection=\count187
\c@paragraph=\count188
\c@subparagraph=\count189
\@abstractbox=\box67
\c@figure=\count190
\c@table=\count191
\abovecaptionskip=\skip48
\belowcaptionskip=\skip49
\jsc@tocl@width=\dimen157
\@lnumwidth=\dimen158
\bibindent=\dimen159
(/usr/share/texlive/texmf-dist/tex/platex/jsclasses/jslogo.sty
Package: jslogo 2019/07/25 okumura, texjporg
LaTeX Info: Redefining \TeX on input line 82.
LaTeX Info: Redefining \LaTeX on input line 135.
LaTeX Info: Redefining \LaTeXe on input line 188.
)
\heisei=\count192
) (/usr/share/texlive/texmf-dist/tex/latex/graphics/graphicx.sty
Package: graphicx 2021/09/16 v1.2d Enhanced LaTeX Graphics (DPC,SPQR)
 (/usr/share/texlive/texmf-dist/tex/latex/graphics/keyval.sty
Package: keyval 2014/10/28 v1.15 key=value parser (DPC)
\KV@toks@=\toks17
) (/usr/share/texlive/texmf-dist/tex/latex/graphics/graphics.sty
Package: graphics 2021/03/04 v1.4d Standard LaTeX Graphics (DPC,SPQR)
 (/usr/share/texlive/texmf-dist/tex/latex/graphics/trig.sty
Package: trig 2021/08/11 v1.11 sin cos tan (DPC)
) (/usr/share/texlive/texmf-dist/tex/latex/graphics-cfg/graphics.cfg
File: graphics.cfg 2016/06/04 v1.11 sample graphics configuration
)
Package graphics Info: Driver file: dvipdfmx.def on input line 107.
 (/usr/share/texlive/texmf-dist/tex/latex/graphics-def/dvipdfmx.def
File: dvipdfmx.def 2021/03/18 v5.0j Graphics/color driver for dvipdfmx
))
\Gin@req@height=\dimen160
\Gin@req@width=\dimen161
) (/usr/share/texlive/texmf-dist/tex/latex/graphics/color.sty
Package: color 2021/12/07 v1.3c Standard LaTeX Color (DPC)
 (/usr/share/texlive/texmf-dist/tex/latex/graphics-cfg/color.cfg
File: color.cfg 2016/01/02 v1.6 sample color configuration
)
Package color Info: Driver file: dvipdfmx.def on input line 149.
 (/usr/share/texlive/texmf-dist/tex/latex/graphics/dvipsnam.def
File: dvipsnam.def 2016/06/17 v3.0m Driver-dependent file (DPC,SPQR)
)) (/usr/share/texlive/texmf-dist/tex/latex/amsmath/amsmath.sty
Package: amsmath 2021/10/15 v2.17l AMS math features
\@mathmargin=\skip50

For additional information on amsmath, use the `?' option.
(/usr/share/texlive/texmf-dist/tex/latex/amsmath/amstext.sty
Package: amstext 2021/08/26 v2.01 AMS text
 (/usr/share/texlive/texmf-dist/tex/latex/amsmath/amsgen.sty
File: amsgen.sty 1999/11/30 v2.0 generic functions
\@emptytoks=\toks18
\ex@=\dimen162
)) (/usr/share/texlive/texmf-dist/tex/latex/amsmath/amsbsy.sty
Package: amsbsy 1999/11/29 v1.2d Bold Symbols
\pmbraise@=\dimen163
) (/usr/share/texlive/texmf-dist/tex/latex/amsmath/amsopn.sty
Package: amsopn 2021/08/26 v2.02 operator names
)
\inf@bad=\count193
LaTeX Info: Redefining \frac on input line 234.
\uproot@=\count194
\leftroot@=\count195
LaTeX Info: Redefining \overline on input line 399.
\classnum@=\count196
\DOTSCASE@=\count197
LaTeX Info: Redefining \ldots on input line 496.
LaTeX Info: Redefining \dots on input line 499.
LaTeX Info: Redefining \cdots on input line 620.
\Mathstrutbox@=\box68
\strutbox@=\box69
\big@size=\dimen164
LaTeX Font Info:    Redeclaring font encoding OML on input line 743.
LaTeX Font Info:    Redeclaring font encoding OMS on input line 744.
\macc@depth=\count198
\c@MaxMatrixCols=\count199
\dotsspace@=\muskip16
\c@parentequation=\count266
\dspbrk@lvl=\count267
\tag@help=\toks19
\row@=\count268
\column@=\count269
\maxfields@=\count270
\andhelp@=\toks20
\eqnshift@=\dimen165
\alignsep@=\dimen166
\tagshift@=\dimen167
\tagwidth@=\dimen168
\totwidth@=\dimen169
\lineht@=\dimen170
\@envbody=\toks21
\multlinegap=\skip51
\multlinetaggap=\skip52
\mathdisplay@stack=\toks22
LaTeX Info: Redefining \[ on input line 2938.
LaTeX Info: Redefining \] on input line 2939.
) (/usr/share/texlive/texmf-dist/tex/latex/amsfonts/amsfonts.sty
Package: amsfonts 2013/01/14 v3.01 Basic AMSFonts support
\symAMSa=\mathgroup5
\symAMSb=\mathgroup6
LaTeX Font Info:    Redeclaring math symbol \hbar on input line 98.
LaTeX Font Info:    Overwriting math alphabet `\mathfrak' in version `bold'
(Font)                  U/euf/m/n --> U/euf/b/n on input line 106.
) (/usr/share/texlive/texmf-dist/tex/latex/amsfonts/amssymb.sty
Package: amssymb 2013/01/14 v3.01 AMS font symbols
) (/usr/share/texlive/texmf-dist/tex/latex/listings/listings.sty
\lst@mode=\count271
\lst@gtempboxa=\box70
\lst@token=\toks23
\lst@length=\count272
\lst@currlwidth=\dimen171
\lst@column=\count273
\lst@pos=\count274
\lst@lostspace=\dimen172
\lst@width=\dimen173
\lst@newlines=\count275
\lst@lineno=\count276
\lst@maxwidth=\dimen174
 (/usr/share/texlive/texmf-dist/tex/latex/listings/lstmisc.sty
File: lstmisc.sty 2020/03/24 1.8d (Carsten Heinz)
\c@lstnumber=\count277
\lst@skipnumbers=\count278
\lst@framebox=\box71
) (/usr/share/texlive/texmf-dist/tex/latex/listings/listings.cfg
File: listings.cfg 2020/03/24 1.8d listings configuration
))
Package: listings 2020/03/24 1.8d (Carsten Heinz)
 (./jlisting.sty
Package: jlisting 2006/02/20 0.2 (Thor)
\lst@nextchar=\count279
\lst@inputfile=\read2
) (/usr/share/texlive/texmf-dist/tex/latex/url/url.sty
\Urlmuskip=\muskip17
Package: url 2013/09/16  ver 3.4  Verb mode for urls, etc.
) (/usr/share/texlive/texmf-dist/tex/latex/here/here.sty) (/usr/share/texlive/texmf-dist/tex/latex/float/float.sty
Package: float 2001/11/08 v1.3d Float enhancements (AL)
\c@float@type=\count280
\float@exts=\toks24
\float@box=\box72
\@float@everytoks=\toks25
\@floatcapt=\box73
) (/usr/share/texlive/texmf-dist/tex/latex/tools/longtable.sty
Package: longtable 2021-09-01 v4.17 Multi-page Table package (DPC)
\LTleft=\skip53
\LTright=\skip54
\LTpre=\skip55
\LTpost=\skip56
\LTchunksize=\count281
\LTcapwidth=\dimen175
\LT@head=\box74
\LT@firsthead=\box75
\LT@foot=\box76
\LT@lastfoot=\box77
\LT@gbox=\box78
\LT@cols=\count282
\LT@rows=\count283
\c@LT@tables=\count284
\c@LT@chunks=\count285
\LT@p@ftn=\toks26
) (/usr/share/texlive/texmf-dist/tex/latex/multirow/multirow.sty
Package: multirow 2021/03/15 v2.8 Span multiple rows of a table
\multirow@colwidth=\skip57
\multirow@cntb=\count286
\multirow@dima=\skip58
\bigstrutjot=\dimen176
) (/usr/share/texlive/texmf-dist/tex/latex/tools/bm.sty
Package: bm 2021/04/25 v1.2e Bold Symbol Support (DPC/FMi)
\symboldoperators=\mathgroup7
\symboldletters=\mathgroup8
\symboldsymbols=\mathgroup9
Package bm Info: No bold for \OMX/cmex/m/n, using \pmb.
\symboldmincho=\mathgroup10
Package bm Info: No bold for \U/msa/m/n, using \pmb.
Package bm Info: No bold for \U/msb/m/n, using \pmb.
LaTeX Font Info:    Redeclaring math alphabet \mathbf on input line 149.
) (/usr/share/texlive/texmf-dist/tex/latex/comment/comment.sty
\CommentStream=\write3
 Excluding comment 'comment') (/usr/share/texlive/texmf-dist/tex/latex/caption/subcaption.sty
Package: subcaption 2020/10/07 v1.3j Sub-captions (AR)
 (/usr/share/texlive/texmf-dist/tex/latex/caption/caption.sty
Package: caption 2020/10/26 v3.5g Customizing captions (AR)
 (/usr/share/texlive/texmf-dist/tex/latex/caption/caption3.sty
Package: caption3 2020/10/21 v2.2e caption3 kernel (AR)
\captionmargin=\dimen177
\captionmargin@=\dimen178
\captionwidth=\dimen179
\caption@tempdima=\dimen180
\caption@indent=\dimen181
\caption@parindent=\dimen182
\caption@hangindent=\dimen183
Package caption Info: Unknown document class (or package),
(caption)             standard defaults will be used.
Package caption Info: \@makecaption = \long macro:#1#2->{\small \advance \leftskip .0628\linewidth \advance \rightskip .0628\linewidth \vskip \abovecaptionskip \sbox \@tempboxa {#1\hskip 1zw\relax #2}\ifdim \wd \@tempboxa <\hsize \centering \fi #1{\hskip 1zw\relax }#2\par \vskip \belowcaptionskip } on input line 1139.
)

Package caption Warning: Unknown document class (or package),
(caption)                standard defaults will be used.
See the caption package documentation for explanation.

\c@caption@flags=\count287
\c@continuedfloat=\count288
Package caption Info: float package is loaded.
Package caption Info: listings package is loaded.
Package caption Info: longtable package is loaded.
(/usr/share/texlive/texmf-dist/tex/latex/caption/ltcaption.sty
Package: ltcaption 2020/05/30 v1.4b longtable captions (AR)
))
\c@subfigure=\count289
\c@subtable=\count290
) (/usr/share/texlive/texmf-dist/tex/latex/listings/lstlang1.sty
File: lstlang1.sty 2020/03/24 1.8d listings language file
) (/usr/share/texlive/texmf-dist/tex/latex/l3backend/l3backend-dvipdfmx.def
File: l3backend-dvipdfmx.def 2022-01-12 L3 backend support: dvipdfmx
 (|extractbb --version)
\c__kernel_sys_dvipdfmx_version_int=\count291
\l__color_backend_stack_int=\count292
\g__color_backend_stack_int=\count293
\g__graphics_track_int=\count294
\l__pdf_internal_box=\box79
\g__pdf_backend_object_int=\count295
\g__pdf_backend_annotation_int=\count296
\g__pdf_backend_link_int=\count297
) (./sotsuron.aux (./Chap1/Chap1.aux) (./Chap2/Chap2.aux) (./Chap3/Chap3.aux) (./Chap4/Chap4.aux) (./Chap5/Chap5.aux) (./Thank.aux))
\openout1 = `sotsuron.aux'.

LaTeX Font Info:    Checking defaults for OML/cmm/m/it on input line 74.
LaTeX Font Info:    ... okay on input line 74.
LaTeX Font Info:    Checking defaults for OMS/cmsy/m/n on input line 74.
LaTeX Font Info:    ... okay on input line 74.
LaTeX Font Info:    Checking defaults for OT1/cmr/m/n on input line 74.
LaTeX Font Info:    ... okay on input line 74.
LaTeX Font Info:    Checking defaults for T1/cmr/m/n on input line 74.
LaTeX Font Info:    ... okay on input line 74.
LaTeX Font Info:    Checking defaults for TS1/cmr/m/n on input line 74.
LaTeX Font Info:    ... okay on input line 74.
LaTeX Font Info:    Checking defaults for OMX/cmex/m/n on input line 74.
LaTeX Font Info:    ... okay on input line 74.
LaTeX Font Info:    Checking defaults for U/cmr/m/n on input line 74.
LaTeX Font Info:    ... okay on input line 74.
LaTeX Font Info:    Checking defaults for JY1/mc/m/n on input line 74.
LaTeX Font Info:    ... okay on input line 74.
LaTeX Font Info:    Checking defaults for JT1/mc/m/n on input line 74.
LaTeX Font Info:    ... okay on input line 74.
\c@lstlisting=\count298
Package caption Info: Begin \AtBeginDocument code.
Package caption Info: End \AtBeginDocument code.
LaTeX Font Info:    Font shape `JT1/mc/m/n' will be
(Font)              scaled to size 13.83836pt on input line 77.
LaTeX Font Info:    Font shape `JY1/mc/m/n' will be
(Font)              scaled to size 13.83836pt on input line 77.
LaTeX Font Info:    Font shape `JT1/mc/m/n' will be
(Font)              scaled to size 19.9311pt on input line 80.
LaTeX Font Info:    Font shape `JY1/mc/m/n' will be
(Font)              scaled to size 19.9311pt on input line 80.
LaTeX Font Info:    Font shape `JT1/mc/bx/n' in size <20.74> not available
(Font)              Font shape `JT1/gt/m/n' tried instead on input line 80.
LaTeX Font Info:    Font shape `JT1/gt/m/n' will be
(Font)              scaled to size 19.9311pt on input line 80.
LaTeX Font Info:    Font shape `JY1/mc/bx/n' in size <20.74> not available
(Font)              Font shape `JY1/gt/m/n' tried instead on input line 80.
LaTeX Font Info:    Font shape `JY1/gt/m/n' will be
(Font)              scaled to size 19.9311pt on input line 80.
LaTeX Font Info:    Font shape `JY1/mc/m/n' will be
(Font)              scaled to size 11.53198pt on input line 80.
LaTeX Font Info:    Trying to load font information for U+msa on input line 80.
 (/usr/share/texlive/texmf-dist/tex/latex/amsfonts/umsa.fd
File: umsa.fd 2013/01/14 v3.01 AMS symbols A
)
LaTeX Font Info:    Trying to load font information for U+msb on input line 80.
 (/usr/share/texlive/texmf-dist/tex/latex/amsfonts/umsb.fd
File: umsb.fd 2013/01/14 v3.01 AMS symbols B
)
LaTeX Font Info:    Font shape `JY1/gt/m/n' will be
(Font)              scaled to size 13.83836pt on input line 80.
LaTeX Font Info:    Font shape `JY1/gt/m/n' will be
(Font)              scaled to size 11.53198pt on input line 80.
LaTeX Font Info:    Font shape `JY1/mc/m/n' will be
(Font)              scaled to size 6.72699pt on input line 83.
LaTeX Font Info:    Font shape `JY1/gt/m/n' will be
(Font)              scaled to size 9.60999pt on input line 83.
LaTeX Font Info:    Font shape `JY1/gt/m/n' will be
(Font)              scaled to size 6.72699pt on input line 83.
 [1

]
LaTeX Font Info:    Font shape `JT1/gt/m/n' will be
(Font)              scaled to size 9.60999pt on input line 93.
LaTeX Font Info:    Font shape `JT1/gt/m/n' will be
(Font)              scaled to size 13.83836pt on input line 93.
 (./sotsuron.toc
LaTeX Font Info:    Font shape `JY1/mc/m/n' will be
(Font)              scaled to size 4.805pt on input line 2.
LaTeX Font Info:    Font shape `JY1/gt/m/n' will be
(Font)              scaled to size 4.805pt on input line 2.
)
\tf@toc=\write4
\openout4 = `sotsuron.toc'.

 [1] (./sotsuron.lof)
\tf@lof=\write5
\openout5 = `sotsuron.lof'.

 (./sotsuron.lot)
\tf@lot=\write6
\openout6 = `sotsuron.lot'.

 (./sotsuron.lol)
\tf@lol=\write7
\openout7 = `sotsuron.lol'.

 [2

]
\openout2 = `Chap1/Chap1.aux'.

 (./Chap1/Chap1.tex
LaTeX Font Info:    Font shape `JT1/mc/m/n' will be
(Font)              scaled to size 11.53198pt on input line 4.
LaTeX Font Info:    Font shape `JT1/gt/m/n' will be
(Font)              scaled to size 11.53198pt on input line 4.
 [1


]) [2]
\openout2 = `Chap2/Chap2.aux'.

 (./Chap2/Chap2.tex [3



]
File: ./fig/HPCsystem.png Graphic file (type bmp)
<./fig/HPCsystem.png>
LaTeX Font Info:    Font shape `JT1/mc/m/it' in size <8> not available
(Font)              Font shape `JT1/mc/m/n' tried instead on input line 22.
LaTeX Font Info:    Font shape `JT1/mc/m/n' will be
(Font)              scaled to size 7.68799pt on input line 22.
LaTeX Font Info:    Font shape `JY1/mc/m/it' in size <8> not available
(Font)              Font shape `JY1/mc/m/n' tried instead on input line 22.
LaTeX Font Info:    Font shape `JY1/mc/m/n' will be
(Font)              scaled to size 7.68799pt on input line 22.
 [4] [5]
File: ./fig/dashboard.png Graphic file (type bmp)
<./fig/dashboard.png>
File: ./fig/homedirectory.png Graphic file (type bmp)
<./fig/homedirectory.png>
File: ./fig/activejobs.png Graphic file (type bmp)
<./fig/activejobs.png>
File: ./fig/jobcomposer.png Graphic file (type bmp)
<./fig/jobcomposer.png>
File: ./fig/shell.png Graphic file (type bmp)
<./fig/shell.png>
File: ./fig/class_diagram.png Graphic file (type bmp)
<./fig/class_diagram.png>
 [6]
File: ./fig/conventional_method.png Graphic file (type bmp)
<./fig/conventional_method.png>
LaTeX Font Info:    Font shape `JT1/mc/bx/n' in size <10> not available
(Font)              Font shape `JT1/gt/m/n' tried instead on input line 94.
LaTeX Font Info:    Font shape `JT1/gt/m/n' will be
(Font)              scaled to size 9.60999pt on input line 94.
LaTeX Font Info:    Font shape `JY1/mc/bx/n' in size <10> not available
(Font)              Font shape `JY1/gt/m/n' tried instead on input line 94.
LaTeX Font Info:    Font shape `JY1/gt/m/n' will be
(Font)              scaled to size 9.60999pt on input line 94.
 [7] [8]) [9] [10] [11] [12]
\openout2 = `Chap3/Chap3.aux'.

 (./Chap3/Chap3.tex
File: ./fig/proposed_method.png Graphic file (type bmp)
<./fig/proposed_method.png>
 [13



]
File: ./fig/environment.png Graphic file (type bmp)
<./fig/environment.png>
 [14]
LaTeX Font Info:    Font shape `JT1/mc/bx/n' in size <8> not available
(Font)              Font shape `JT1/gt/m/n' tried instead on input line 38.
LaTeX Font Info:    Font shape `JT1/gt/m/n' will be
(Font)              scaled to size 7.68799pt on input line 38.
LaTeX Font Info:    Font shape `JY1/mc/bx/n' in size <8> not available
(Font)              Font shape `JY1/gt/m/n' tried instead on input line 38.
LaTeX Font Info:    Font shape `JY1/gt/m/n' will be
(Font)              scaled to size 7.68799pt on input line 38.
LaTeX Font Info:    Trying to load font information for OML+cmr on input line 40.
 (/usr/share/texlive/texmf-dist/tex/latex/base/omlcmr.fd
File: omlcmr.fd 2019/12/16 v2.5j Standard LaTeX font definitions
)
LaTeX Font Info:    Font shape `OML/cmr/m/n' in size <8> not available
(Font)              Font shape `OML/cmm/m/it' tried instead on input line 40.
 [15]
LaTeX Font Info:    Trying to load font information for OMS+cmr on input line 51.
 (/usr/share/texlive/texmf-dist/tex/latex/base/omscmr.fd
File: omscmr.fd 2019/12/16 v2.5j Standard LaTeX font definitions
)
LaTeX Font Info:    Font shape `OMS/cmr/m/n' in size <8> not available
(Font)              Font shape `OMS/cmsy/m/n' tried instead on input line 51.
 [16] [17]
File: ./fig/state_change_diagram.png Graphic file (type bmp)
<./fig/state_change_diagram.png>

Overfull \hbox (3.13841pt too wide) in paragraph at lines 112--113
[][][][][][][][][][][][][][][][][][][][][][][][][] 
 []

[18] [19] [20] [21]) [22]
\openout2 = `Chap4/Chap4.aux'.

 (./Chap4/Chap4.tex [23



]
File: ./fig/ave_1-20.png Graphic file (type bmp)
<./fig/ave_1-20.png>
File: ./fig/ave_diff_1-20.png Graphic file (type bmp)
<./fig/ave_diff_1-20.png>
File: ./fig/100jobs.png Graphic file (type bmp)
<./fig/100jobs.png>
 [24] [25]) [26]
\openout2 = `Chap5/Chap5.aux'.

 (./Chap5/Chap5.tex [27



]) [28] (./sotsuron.bbl
LaTeX Font Info:    Font shape `JT1/gt/m/it' in size <10> not available
(Font)              Font shape `JT1/gt/m/n' tried instead on input line 8.
LaTeX Font Info:    Font shape `JT1/gt/m/n' will be
(Font)              scaled to size 9.60999pt on input line 8.
LaTeX Font Info:    Font shape `JY1/gt/m/it' in size <10> not available
(Font)              Font shape `JY1/gt/m/n' tried instead on input line 8.
LaTeX Font Info:    Font shape `JY1/gt/m/n' will be
(Font)              scaled to size 9.60999pt on input line 8.
 [29


]
Underfull \hbox (badness 10000) in paragraph at lines 130--133
[]\OT1/cmr/m/n/10 NEC Net-work Queu-ing Sys-tem V (NQSV) \JY1/mc/m/n/10 利用の手引き 導入編
 []


Underfull \hbox (badness 10000) in paragraph at lines 130--133
\OT1/cmr/m/n/10 .  $\OT1/cmtt/m/n/10 https : / / sxauroratsubasa . sakura . ne . jp / documents / nqsv / pdfs /
 []

[30]
Underfull \hbox (badness 10000) in paragraph at lines 135--137
[]\OT1/cmr/m/n/10 OpenOnDemand 3.0.3 Docuen-ta-tion.  $\OT1/cmtt/m/n/10 https : / / osc . github . io /
 []


Underfull \hbox (badness 5711) in paragraph at lines 156--159
[]\OT1/cmr/m/n/10 NEC Net-work Queu-ing Sys-tem V (NQSV) \JY1/mc/m/n/10 利用の手引き リフ ァレ
 []


Underfull \hbox (badness 4913) in paragraph at lines 156--159
\JY1/mc/m/n/10 ンス編\OT1/cmr/m/n/10 .  $\OT1/cmtt/m/n/10 https : / / sxauroratsubasa . sakura . ne . jp / documents / nqsv / pdfs /
 []

) [31]
\openout2 = `Thank.aux'.

 (./Thank.tex) [32

] (./sotsuron.aux (./Chap1/Chap1.aux) (./Chap2/Chap2.aux) (./Chap3/Chap3.aux) (./Chap4/Chap4.aux) (./Chap5/Chap5.aux) (./Thank.aux)) ) 
Here is how much of TeX's memory you used:
 6737 strings out of 478741
 106362 string characters out of 5860982
 646552 words of memory out of 5000000
 24999 multiletter control sequences out of 15000+600000
 491879 words of font info for 125 fonts, out of 8000000 for 9000
 934 hyphenation exceptions out of 8191
 67i,8n,77p,2386b,1778s stack positions out of 5000i,500n,10000p,200000b,80000s

Output written on sotsuron.dvi (35 pages, 131388 bytes).
